2025-02-25 22:08:58,725 - INFO - Task 0 completed successfully
2025-02-25 22:08:59,715 - INFO - Task 1 completed successfully
2025-02-25 22:09:00,736 - INFO - Task 2 completed successfully
2025-02-25 22:09:01,755 - INFO - Task 3 completed successfully
2025-02-25 22:09:02,729 - INFO - Task 4 completed successfully
2025-02-25 22:09:03,719 - INFO - Task 5 completed successfully
2025-02-25 22:09:04,771 - INFO - Task 6 completed successfully
2025-02-25 22:09:05,747 - INFO - Task 7 completed successfully
2025-02-25 22:09:06,748 - INFO - Task 8 completed successfully
2025-02-25 22:09:07,774 - INFO - Task 9 completed successfully
2025-02-25 22:09:08,759 - INFO - Task 10 completed successfully
2025-02-25 22:09:09,760 - INFO - Task 11 completed successfully
2025-02-25 22:09:10,757 - INFO - Task 12 completed successfully
2025-02-25 22:09:11,873 - INFO - Task 13 completed successfully
2025-02-25 22:09:12,784 - INFO - Task 14 completed successfully
2025-02-25 22:09:13,760 - INFO - Task 15 completed successfully
2025-02-25 22:09:14,757 - INFO - Task 16 completed successfully
2025-02-25 22:09:15,807 - INFO - Task 17 completed successfully
2025-02-25 22:09:16,768 - INFO - Task 18 completed successfully
2025-02-25 22:09:17,796 - INFO - Task 19 completed successfully
2025-02-25 22:09:18,784 - INFO - Task 0 completed successfully
2025-02-25 22:09:18,909 - INFO - Task 1 completed successfully
2025-02-25 22:09:18,998 - INFO - Task 2 completed successfully
2025-02-25 22:09:19,100 - INFO - Task 3 completed successfully
2025-02-25 22:09:19,202 - INFO - Task 4 completed successfully
2025-02-25 22:09:19,303 - INFO - Task 5 completed successfully
2025-02-25 22:09:19,411 - INFO - Task 6 completed successfully
2025-02-25 22:09:19,537 - INFO - Task 7 completed successfully
2025-02-25 22:09:19,647 - INFO - Task 8 completed successfully
2025-02-25 22:09:19,742 - INFO - Task 9 completed successfully
2025-02-25 22:09:19,863 - INFO - Task 10 completed successfully
2025-02-25 22:09:19,963 - INFO - Task 11 completed successfully
2025-02-25 22:09:20,066 - INFO - Task 12 completed successfully
2025-02-25 22:09:20,162 - INFO - Task 13 completed successfully
2025-02-25 22:09:20,274 - INFO - Task 14 completed successfully
2025-02-25 22:09:20,421 - INFO - Task 15 completed successfully
2025-02-25 22:09:20,570 - INFO - Task 16 completed successfully
2025-02-25 22:09:20,724 - INFO - Task 17 completed successfully
2025-02-25 22:09:20,825 - INFO - Task 18 completed successfully
2025-02-25 22:09:20,936 - INFO - Task 19 completed successfully
2025-02-25 22:09:21,011 - INFO - Task 0 completed successfully
2025-02-25 22:09:21,124 - INFO - Task 1 completed successfully
2025-02-25 22:09:21,203 - INFO - Task 2 completed successfully
2025-02-25 22:09:21,267 - INFO - Task 3 completed successfully
2025-02-25 22:09:21,335 - INFO - Task 4 completed successfully
2025-02-25 22:09:21,426 - INFO - Task 5 completed successfully
2025-02-25 22:09:21,523 - INFO - Task 6 completed successfully
2025-02-25 22:09:21,655 - INFO - Task 7 completed successfully
2025-02-25 22:09:21,720 - INFO - Task 8 completed successfully
2025-02-25 22:09:21,841 - INFO - Task 9 completed successfully
2025-02-25 22:09:21,915 - INFO - Task 10 completed successfully
2025-02-25 22:09:22,076 - INFO - Task 11 completed successfully
2025-02-25 22:09:22,196 - INFO - Task 12 completed successfully
2025-02-25 22:09:22,290 - INFO - Task 13 completed successfully
2025-02-25 22:09:22,436 - INFO - Task 14 completed successfully
2025-02-25 22:09:22,566 - INFO - Task 15 completed successfully
2025-02-25 22:09:22,669 - INFO - Task 16 completed successfully
2025-02-25 22:09:22,743 - INFO - Task 17 completed successfully
2025-02-25 22:09:22,820 - INFO - Task 18 completed successfully
2025-02-25 22:09:22,891 - INFO - Task 19 completed successfully
2025-02-25 22:09:22,900 - INFO - Multi-threading with callback processing completed.
2025-02-25 22:10:44,278 - INFO - Starting multi-threaded queue system...
2025-02-25 22:10:44,314 - INFO - Task 0 completed
2025-02-25 22:10:44,409 - INFO - Task 1 completed
2025-02-25 22:10:44,515 - INFO - Task 2 completed
2025-02-25 22:10:44,624 - INFO - Task 3 completed
2025-02-25 22:10:44,734 - INFO - Task 4 completed
2025-02-25 22:10:44,845 - INFO - Task 5 completed
2025-02-25 22:10:44,953 - INFO - Task 6 completed
2025-02-25 22:10:45,069 - INFO - Task 7 completed
2025-02-25 22:10:45,200 - INFO - Task 8 completed
2025-02-25 22:10:45,281 - INFO - Task 9 completed
2025-02-25 22:10:45,454 - INFO - Task 10 completed
2025-02-25 22:10:45,532 - INFO - Task 11 completed
2025-02-25 22:10:45,642 - INFO - Task 12 completed
2025-02-25 22:10:45,731 - INFO - Task 13 completed
2025-02-25 22:10:45,837 - INFO - Task 14 completed
2025-02-25 22:10:45,941 - INFO - Task 15 completed
2025-02-25 22:10:46,071 - INFO - Task 16 completed
2025-02-25 22:10:46,139 - INFO - Task 17 completed
2025-02-25 22:10:46,269 - INFO - Task 18 completed
2025-02-25 22:10:46,380 - INFO - Task 19 completed
2025-02-25 22:10:46,473 - INFO - Multi-threading queue processing completed.
2025-02-25 22:10:53,712 - INFO - Starting multi-processing queue system...
2025-02-25 22:10:54,266 - INFO - Processed a matrix multiplication
2025-02-25 22:10:54,331 - INFO - Processed a matrix multiplication
2025-02-25 22:10:54,332 - INFO - Processed a matrix multiplication
2025-02-25 22:10:54,374 - INFO - Processed a matrix multiplication
2025-02-25 22:10:54,475 - INFO - Processed a matrix multiplication
2025-02-25 22:10:54,630 - INFO - Processed a matrix multiplication
2025-02-25 22:10:54,637 - INFO - Processed a matrix multiplication
2025-02-25 22:10:54,835 - INFO - Processed a matrix multiplication
2025-02-25 22:10:54,987 - INFO - Processed a matrix multiplication
2025-02-25 22:10:54,995 - INFO - Processed a matrix multiplication
2025-02-25 22:10:55,109 - INFO - Processed a matrix multiplication
2025-02-25 22:10:55,168 - INFO - Processed a matrix multiplication
2025-02-25 22:10:55,317 - INFO - Processed a matrix multiplication
2025-02-25 22:10:55,474 - INFO - Processed a matrix multiplication
2025-02-25 22:10:55,530 - INFO - Processed a matrix multiplication
2025-02-25 22:10:55,804 - INFO - Processed a matrix multiplication
2025-02-25 22:10:56,080 - INFO - Processed a matrix multiplication
2025-02-25 22:10:56,151 - INFO - Processed a matrix multiplication
2025-02-25 22:10:56,164 - INFO - Processed a matrix multiplication
2025-02-25 22:10:56,294 - INFO - Processed a matrix multiplication
2025-02-25 22:10:56,415 - INFO - Processed a matrix multiplication
2025-02-25 22:10:56,476 - INFO - Processed a matrix multiplication
2025-02-25 22:10:56,579 - INFO - Processed a matrix multiplication
2025-02-25 22:10:56,680 - INFO - Processed a matrix multiplication
2025-02-25 22:10:56,814 - INFO - Processed a matrix multiplication
2025-02-25 22:10:56,873 - INFO - Processed a matrix multiplication
2025-02-25 22:10:56,885 - INFO - Processed a matrix multiplication
2025-02-25 22:10:57,029 - INFO - Processed a matrix multiplication
2025-02-25 22:10:57,318 - INFO - Processed a matrix multiplication
2025-02-25 22:10:57,359 - INFO - Processed a matrix multiplication
2025-02-25 22:10:57,592 - INFO - Processed a matrix multiplication
2025-02-25 22:10:57,597 - INFO - Processed a matrix multiplication
2025-02-25 22:10:57,805 - INFO - Processed a matrix multiplication
2025-02-25 22:10:57,868 - INFO - Processed a matrix multiplication
2025-02-25 22:10:57,876 - INFO - Processed a matrix multiplication
2025-02-25 22:10:58,164 - INFO - Processed a matrix multiplication
2025-02-25 22:10:58,296 - INFO - Processed a matrix multiplication
2025-02-25 22:10:58,316 - INFO - Processed a matrix multiplication
2025-02-25 22:10:58,380 - INFO - Processed a matrix multiplication
2025-02-25 22:10:58,648 - INFO - Processed a matrix multiplication
2025-02-25 22:10:58,725 - INFO - Processed a matrix multiplication
2025-02-25 22:10:58,818 - INFO - Processed a matrix multiplication
2025-02-25 22:10:58,843 - INFO - Processed a matrix multiplication
2025-02-25 22:10:59,009 - INFO - Processed a matrix multiplication
2025-02-25 22:10:59,016 - INFO - Processed a matrix multiplication
2025-02-25 22:10:59,111 - INFO - Processed a matrix multiplication
2025-02-25 22:10:59,130 - INFO - Processed a matrix multiplication
2025-02-25 22:10:59,264 - INFO - Processed a matrix multiplication
2025-02-25 22:10:59,331 - INFO - Processed a matrix multiplication
2025-02-25 22:10:59,426 - INFO - Processed a matrix multiplication
2025-02-25 22:10:59,451 - INFO - Processed a matrix multiplication
2025-02-25 22:10:59,531 - INFO - Processed a matrix multiplication
2025-02-25 22:10:59,684 - INFO - Processed a matrix multiplication
2025-02-25 22:10:59,814 - INFO - Processed a matrix multiplication
2025-02-25 22:11:00,123 - INFO - Processed a matrix multiplication
2025-02-25 22:11:00,198 - INFO - Processed a matrix multiplication
2025-02-25 22:11:00,372 - INFO - Processed a matrix multiplication
2025-02-25 22:11:00,417 - INFO - Processed a matrix multiplication
2025-02-25 22:11:00,433 - INFO - Processed a matrix multiplication
2025-02-25 22:11:00,489 - INFO - Processed a matrix multiplication
2025-02-25 22:11:00,755 - INFO - Processed a matrix multiplication
2025-02-25 22:11:00,762 - INFO - Processed a matrix multiplication
2025-02-25 22:11:00,829 - INFO - Processed a matrix multiplication
2025-02-25 22:11:00,832 - INFO - Processed a matrix multiplication
2025-02-25 22:11:01,093 - INFO - Processed a matrix multiplication
2025-02-25 22:11:01,220 - INFO - Processed a matrix multiplication
2025-02-25 22:11:01,279 - INFO - Processed a matrix multiplication
2025-02-25 22:11:01,411 - INFO - Processed a matrix multiplication
2025-02-25 22:11:01,424 - INFO - Processed a matrix multiplication
2025-02-25 22:11:01,615 - INFO - Processed a matrix multiplication
2025-02-25 22:11:01,715 - INFO - Processed a matrix multiplication
2025-02-25 22:11:01,906 - INFO - Processed a matrix multiplication
2025-02-25 22:11:01,957 - INFO - Processed a matrix multiplication
2025-02-25 22:11:02,021 - INFO - Processed a matrix multiplication
2025-02-25 22:11:02,137 - INFO - Processed a matrix multiplication
2025-02-25 22:11:02,200 - INFO - Processed a matrix multiplication
2025-02-25 22:11:02,489 - INFO - Processed a matrix multiplication
2025-02-25 22:11:02,526 - INFO - Processed a matrix multiplication
2025-02-25 22:11:02,535 - INFO - Processed a matrix multiplication
2025-02-25 22:11:02,842 - INFO - Processed a matrix multiplication
2025-02-25 22:11:02,915 - INFO - Processed a matrix multiplication
2025-02-25 22:11:02,950 - INFO - Processed a matrix multiplication
2025-02-25 22:11:02,952 - INFO - Processed a matrix multiplication
2025-02-25 22:11:03,527 - INFO - Processed a matrix multiplication
2025-02-25 22:11:03,586 - INFO - Processed a matrix multiplication
2025-02-25 22:11:03,610 - INFO - Processed a matrix multiplication
2025-02-25 22:11:03,804 - INFO - Processed a matrix multiplication
2025-02-25 22:11:04,204 - INFO - Processed a matrix multiplication
2025-02-25 22:11:04,225 - INFO - Processed a matrix multiplication
2025-02-25 22:11:04,472 - INFO - Processed a matrix multiplication
2025-02-25 22:11:04,503 - INFO - Processed a matrix multiplication
2025-02-25 22:11:04,698 - INFO - Processed a matrix multiplication
2025-02-25 22:11:04,802 - INFO - Processed a matrix multiplication
2025-02-25 22:11:04,816 - INFO - Processed a matrix multiplication
2025-02-25 22:11:04,832 - INFO - Processed a matrix multiplication
2025-02-25 22:11:05,017 - INFO - Processed a matrix multiplication
2025-02-25 22:11:05,081 - INFO - Processed a matrix multiplication
2025-02-25 22:11:05,148 - INFO - Processed a matrix multiplication
2025-02-25 22:11:05,163 - INFO - Processed a matrix multiplication
2025-02-25 22:11:05,219 - INFO - Processed a matrix multiplication
2025-02-25 22:11:05,232 - INFO - Multi-processing queue processing completed.
2025-02-25 22:19:12,651 - INFO - Starting multi-threaded queue system...
2025-02-25 22:19:12,663 - INFO - Task 0 completed
2025-02-25 22:19:12,774 - INFO - Task 1 completed
2025-02-25 22:19:12,888 - INFO - Task 2 completed
2025-02-25 22:19:12,993 - INFO - Task 3 completed
2025-02-25 22:19:13,103 - INFO - Task 4 completed
2025-02-25 22:19:13,219 - INFO - Task 5 completed
2025-02-25 22:19:13,318 - INFO - Task 6 completed
2025-02-25 22:19:13,443 - INFO - Task 7 completed
2025-02-25 22:19:13,540 - INFO - Task 8 completed
2025-02-25 22:19:13,644 - INFO - Task 9 completed
2025-02-25 22:19:13,755 - INFO - Task 10 completed
2025-02-25 22:19:13,860 - INFO - Task 11 completed
2025-02-25 22:19:13,964 - INFO - Task 12 completed
2025-02-25 22:19:14,074 - INFO - Task 13 completed
2025-02-25 22:19:14,188 - INFO - Task 14 completed
2025-02-25 22:19:14,306 - INFO - Task 15 completed
2025-02-25 22:19:14,406 - INFO - Task 16 completed
2025-02-25 22:19:14,512 - INFO - Task 17 completed
2025-02-25 22:19:14,624 - INFO - Task 18 completed
2025-02-25 22:19:14,729 - INFO - Task 19 completed
2025-02-25 22:19:14,829 - INFO - Multi-threading queue processing completed.
